<?xml version="1.0" encoding="UTF-8"?>
<testng-results ignored="1" total="2" passed="1" failed="0" skipped="0">
  <reporter-output>
  </reporter-output>
  <suite started-at="2021-12-20T01:14:23 SGT" name="Default suite" finished-at="2021-12-20T01:15:22 SGT" duration-ms="59810">
    <groups>
    </groups>
    <test started-at="2021-12-20T01:14:23 SGT" name="Default test" finished-at="2021-12-20T01:15:22 SGT" duration-ms="59810">
      <class name="ranstad.com.qa.testcase.LandingPageTest">
        <test-method is-config="true" signature="setUp()[pri:0, instance:ranstad.com.qa.testcase.LandingPageTest@49b0b76]" started-at="2021-12-20T01:14:23 SGT" name="setUp" finished-at="2021-12-20T01:14:40 SGT" duration-ms="17087" status="PASS">
          <reporter-output>
          </reporter-output>
        </test-method> <!-- setUp -->
        <test-method signature="naviagteToSearchTest()[pri:2, instance:ranstad.com.qa.testcase.LandingPageTest@49b0b76]" started-at="2021-12-20T01:14:40 SGT" name="naviagteToSearchTest" finished-at="2021-12-20T01:15:22 SGT" duration-ms="42357" status="PASS">
          <reporter-output>
          </reporter-output>
        </test-method> <!-- naviagteToSearchTest -->
        <test-method is-config="true" signature="tearDown()[pri:0, instance:ranstad.com.qa.testcase.LandingPageTest@49b0b76]" started-at="2021-12-20T01:15:22 SGT" name="tearDown" finished-at="2021-12-20T01:15:22 SGT" duration-ms="303" status="PASS">
          <reporter-output>
          </reporter-output>
        </test-method> <!-- tearDown -->
      </class> <!-- ranstad.com.qa.testcase.LandingPageTest -->
    </test> <!-- Default test -->
  </suite> <!-- Default suite -->
</testng-results>
