<?xml version="1.0" encoding="UTF-8"?>
<!-- Generated by org.testng.reporters.JUnitXMLReporter -->
<testsuite ignored="1" hostname="DESKTOP-1LLEDPQ" failures="0" tests="1" name="Default test" time="59.81" errors="0" timestamp="2021-12-20T01:15:22 SGT">
  <testcase classname="ranstad.com.qa.testcase.LandingPageTest" name="naviagteToSearchTest" time="42.357"/>
  <testcase classname="ranstad.com.qa.testcase.LandingPageTest" name="landingPageTitleTest" time="0.0">
    <ignored/>
  </testcase> <!-- landingPageTitleTest -->
</testsuite> <!-- Default test -->
